Arguments: 
  C:\Program Files\nodejs\node.exe C:\Users\adoud\AppData\Roaming\npm\node_modules\yarn\bin\yarn.js add typescript ts-node nodemon --dev

PATH: 
  C:\WINDOWS\system32;C:\WINDOWS;C:\WINDOWS\System32\Wbem;C:\WINDOWS\System32\WindowsPowerShell\v1.0\;C:\WINDOWS\System32\OpenSSH\;C:\Program Files\dotnet\;C:\wamp64\bin\php\php8.1.0;C:\composer;C:\Program Files\nodejs\;C:\Program Files\Git\cmd;C:\Users\adoud\AppData\Local\Programs\Python\Python310\Scripts\;C:\Users\adoud\AppData\Local\Programs\Python\Python310\;C:\Users\adoud\scoop\shims;C:\Users\adoud\AppData\Local\Microsoft\WindowsApps;C:\Users\adoud\AppData\Local\Programs\Microsoft VS Code\bin;C:\Program Files\JetBrains\PyCharm 2022.1.3\bin;C:\Users\adoud\AppData\Roaming\Composer\vendor\bin;C:\Users\adoud\AppData\Roaming\npm;C:\Program Files\JetBrains\IntelliJ IDEA Community Edition 2022.1.3\bin;C:\Users\adoud\AppData\Local\Microsoft\WindowsApps;C:\Users\adoud\AppData\Local\Android Open Source Project\Emulator;C:\Users\adoud\AppData\Local\Android\Sdk\platform-tools;C:\Program Files\Java\jdk-14.0.2\bin;C:\wamp64\bin\mysql\mysql5.7.36\bin;C:\wamp64\bin\mariadb\mariadb10.6.5\bin;C:\Program Files\MongoDB\Server\4.4\bin

Yarn version: 
  1.22.19

Node version: 
  16.15.1

Platform: 
  win32 x64

Trace: 
  Error: https://registry.yarnpkg.com/typescript: ESOCKETTIMEDOUT
      at ClientRequest.<anonymous> (C:\Users\adoud\AppData\Roaming\npm\node_modules\yarn\lib\cli.js:141517:19)
      at Object.onceWrapper (node:events:641:28)
      at ClientRequest.emit (node:events:527:28)
      at TLSSocket.emitRequestTimeout (node:_http_client:771:9)
      at Object.onceWrapper (node:events:641:28)
      at TLSSocket.emit (node:events:539:35)
      at TLSSocket.Socket._onTimeout (node:net:516:8)
      at listOnTimeout (node:internal/timers:559:17)
      at processTimers (node:internal/timers:502:7)

npm manifest: 
  {
    "name": "takeride-server",
    "version": "1.0.0",
    "description": "",
    "main": "index.js",
    "scripts": {
      "test": "echo \"Error: no test specified\" && exit 1"
    },
    "author": "",
    "license": "ISC"
  }

yarn manifest: 
  No manifest

Lockfile: 
  No lockfile
